2023-02-07 11:26:51.4794|Debug|Client has been created | 
2023-02-07 11:28:11.7784|Debug|Client has been created | 
2023-02-07 11:28:24.1415|Error|[0] [Telegram.Bot]
	Bad Request: message to edit not found | 
2023-02-07 11:28:36.3782|Error|[0] [Telegram.Bot]
	Bad Request: message to edit not found | 
2023-02-07 11:29:53.7610|Debug|Client has been created | 
2023-02-07 11:31:03.1675|Debug|Client has been created | 
2023-02-07 12:06:03.1003|Error|[0] [Telegram.Bot]
	Exception during making request | 
2023-02-07 12:06:03.2168|Error|[0] [Telegram.Bot]
	Exception during making request | 
2023-02-07 12:14:51.6774|Error|[0] [Telegram.Bot]
	Exception during making request | 
2023-02-07 12:34:15.3129|Error|[0] [Telegram.Bot]
	Exception during making request | 
2023-02-07 12:34:15.4453|Error|[0] [Telegram.Bot]
	Exception during making request | 
2023-02-07 14:22:21.5111|Error|[0] [Telegram.Bot]
	Exception during making request | 
2023-02-07 14:22:21.6473|Error|[0] [Telegram.Bot]
	Exception during making request | 
2023-02-07 15:09:21.3065|Error|[0] [Telegram.Bot]
	Exception during making request | 
2023-02-07 15:09:21.4131|Error|[0] [Telegram.Bot]
	Exception during making request | 
2023-02-07 15:09:21.5057|Error|[0] [Telegram.Bot]
	Exception during making request | 
2023-02-10 03:29:15.9989|Debug|Client has been created | 
2023-02-10 03:31:25.8317|Error|[0] [Telegram.Bot]
	Bad Request: chat not found | 
2023-02-10 03:35:12.6856|Debug|Client has been created | 
2023-02-10 03:37:11.0468|Debug|Client has been created | 
2023-02-10 03:37:15.0445|Debug|Client has been created | 
2023-02-10 03:37:17.7248|Error|[0] [Telegram.Bot]
	Bad Request: message is not modified: specified new message content and reply markup are exactly the same as a current content and reply markup of the message | 
2023-02-10 03:39:36.1189|Debug|Client has been created | 
2023-02-10 03:40:49.7783|Debug|Client has been created | 
2023-02-10 03:40:57.1392|Debug|Client has been created | 
2023-02-10 03:42:02.1073|Debug|Client has been created | 
2023-02-10 03:42:05.9087|Debug|Client has been created | 
2023-02-10 03:42:18.5278|Error|[0] [Telegram.Bot]
	Bad Request: chat not found | 
2023-02-10 03:42:27.1057|Debug|Client has been created | 
2023-02-10 03:43:00.5821|Error|[0] [Telegram.Bot]
	Bad Request: chat not found | 
2023-02-10 03:43:29.2056|Debug|Client has been created | 
2023-02-10 03:43:54.7276|Error|[0] [Telegram.Bot]
	Bad Request: chat not found | 
2023-02-10 03:44:10.7022|Debug|Client has been created | 
2023-02-10 03:45:13.1430|Debug|Client has been created | 
2023-02-10 03:45:15.5672|Error|[0] [Telegram.Bot]
	Bad Request: message is not modified: specified new message content and reply markup are exactly the same as a current content and reply markup of the message | 
2023-02-10 03:45:23.7925|Debug|Client has been created | 
2023-02-10 03:45:47.9216|Debug|Client has been created | 
